2026-05-06 11:14:46 - Request received
POST data: Array
(
    [type] => expense
    [transaction_date] => 2026-05-06
    [category_id] => 27
    [account_id] => 34
    [to_account_id] => 
    [amount] => 1
    [description] => Test Sistem
)

Exception caught: Function isLoggedIn() not found
Response sent: {"success":false,"message":"Error: Function isLoggedIn() not found","data":null}
2026-05-06 11:15:26 - Request received
POST data: Array
(
    [type] => expense
    [transaction_date] => 2026-05-06
    [category_id] => 27
    [account_id] => 34
    [to_account_id] => 
    [amount] => 1
    [description] => Test Sistem
)

Exception caught: Function isLoggedIn() not found
Response sent: {"success":false,"message":"Error: Function isLoggedIn() not found","data":null}
